2025-07-03 15:07:40,737 - __mp_main__ - INFO - Initializing services...
2025-07-03 15:07:40,925 - __mp_main__ - INFO - Creating Advanced Constructor Team...
2025-07-03 15:07:40,926 - __mp_main__ - INFO - Created resilient agent: Advanced Code Architect Agent
2025-07-03 15:07:40,927 - __mp_main__ - INFO - Created resilient agent: Advanced Code Implementer
2025-07-03 15:07:40,927 - __mp_main__ - INFO - Created resilient agent: Advanced DevOps & Integration Agent
2025-07-03 15:07:40,927 - __mp_main__ - INFO - Created resilient agent: Deep Researcher
2025-07-03 15:07:40,930 - __mp_main__ - ERROR - Failed to create AGUI application: BaseAPIApp.__init__() got an unexpected keyword argument 'lifespan'
2025-07-03 15:45:03,894 - __main__ - INFO - Starting AGUI Backend with Enhanced Error Handling...
2025-07-03 15:47:25,306 - agui_backend - INFO - Received signal 2, initiating graceful shutdown...
2025-07-03 15:47:56,900 - agui_backend - INFO - Received signal 2, initiating graceful shutdown...
2025-07-03 15:47:59,308 - agui_backend - INFO - Received signal 2, initiating graceful shutdown...
2025-07-03 15:47:59,418 - agui_backend - INFO - Received signal 2, initiating graceful shutdown...
2025-07-03 15:51:03,723 - agui_backend - INFO - Received signal 2, initiating graceful shutdown...
2025-07-03 15:51:04,159 - agui_backend - INFO - Received signal 2, initiating graceful shutdown...
2025-07-03 15:51:04,267 - agui_backend - INFO - Received signal 2, initiating graceful shutdown...
2025-07-03 15:51:04,483 - agui_backend - INFO - Received signal 2, initiating graceful shutdown...
2025-07-03 17:06:58,417 - __main__ - ERROR - Missing required environment variables: DB_HOST, DB_PORT, DB_USER, DB_PASSWORD, DB_DATABASE
2025-07-03 17:06:58,417 - __main__ - ERROR - Error in App Import: Missing required environment variables: DB_HOST, DB_PORT, DB_USER, DB_PASSWORD, DB_DATABASE
2025-07-03 17:06:58,418 - __main__ - ERROR - Traceback: Traceback (most recent call last):
  File "C:\Users\Nick\Desktop\Machine_Spirit_Algorithm\agno\agui_backend.py", line 70, in <module>
    validate_environment()
    ~~~~~~~~~~~~~~~~~~~~^^
  File "C:\Users\Nick\Desktop\Machine_Spirit_Algorithm\agno\agui_backend.py", line 65, in validate_environment
    raise AGUIBackendError(error_msg)
AGUIBackendError: Missing required environment variables: DB_HOST, DB_PORT, DB_USER, DB_PASSWORD, DB_DATABASE

2025-07-03 17:06:58,418 - __main__ - ERROR - Failed to import AGUI app. Please check your configuration.
2025-07-03 17:10:33,974 - __main__ - INFO - Starting AGUI Backend with Enhanced Error Handling...
2025-07-03 17:13:33,490 - agui_backend - INFO - Received signal 2, initiating graceful shutdown...
2025-07-03 17:13:38,013 - agui_backend - INFO - Received signal 2, initiating graceful shutdown...
2025-07-03 17:13:43,417 - agui_backend - INFO - Received signal 2, initiating graceful shutdown...
2025-07-03 17:16:37,635 - __main__ - INFO - [OK] AGUI app imported successfully
2025-07-03 17:16:37,636 - __main__ - INFO - Starting AGUI Backend with Enhanced Error Handling...
2025-07-03 17:16:39,938 - __mp_main__ - INFO - [OK] AGUI app imported successfully
2025-07-03 17:16:39,970 - agui_backend - INFO - [OK] AGUI app imported successfully
2025-07-03 17:18:30,190 - agui_backend - INFO - Received signal 2, initiating graceful shutdown...
2025-07-03 17:18:31,694 - agui_backend - INFO - Received signal 2, initiating graceful shutdown...
2025-07-03 17:18:56,929 - agui_backend - INFO - Received signal 2, initiating graceful shutdown...
2025-07-03 17:18:57,365 - agui_backend - INFO - Received signal 2, initiating graceful shutdown...
2025-07-03 17:18:57,584 - agui_backend - INFO - Received signal 2, initiating graceful shutdown...
2025-07-03 17:18:57,802 - agui_backend - INFO - Received signal 2, initiating graceful shutdown...
2025-07-03 17:18:57,913 - agui_backend - INFO - Received signal 2, initiating graceful shutdown...
2025-07-03 17:18:58,127 - agui_backend - INFO - Received signal 2, initiating graceful shutdown...
2025-07-03 17:18:58,343 - agui_backend - INFO - Received signal 2, initiating graceful shutdown...
2025-07-03 17:18:58,452 - agui_backend - INFO - Received signal 2, initiating graceful shutdown...
2025-07-03 17:18:58,669 - agui_backend - INFO - Received signal 2, initiating graceful shutdown...
2025-07-03 17:18:58,888 - agui_backend - INFO - Received signal 2, initiating graceful shutdown...
2025-07-03 17:23:31,256 - __main__ - INFO - [OK] AGUI app imported successfully
2025-07-03 17:23:31,256 - __main__ - INFO - Starting AGUI Backend with Enhanced Error Handling...
2025-07-03 17:23:33,366 - __mp_main__ - INFO - [OK] AGUI app imported successfully
2025-07-03 17:23:33,392 - agui_backend - INFO - [OK] AGUI app imported successfully
2025-07-03 17:24:59,551 - agui_backend - INFO - Received signal 2, initiating graceful shutdown...
2025-07-03 17:25:03,122 - agui_backend - INFO - Received signal 2, initiating graceful shutdown...
2025-07-03 17:25:04,312 - agui_backend - INFO - Received signal 2, initiating graceful shutdown...
2025-07-03 17:25:04,420 - agui_backend - INFO - Received signal 2, initiating graceful shutdown...
2025-07-03 17:25:04,637 - agui_backend - INFO - Received signal 2, initiating graceful shutdown...
2025-07-03 17:25:04,852 - agui_backend - INFO - Received signal 2, initiating graceful shutdown...
2025-07-03 17:25:04,961 - agui_backend - INFO - Received signal 2, initiating graceful shutdown...
2025-07-03 17:25:05,175 - agui_backend - INFO - Received signal 2, initiating graceful shutdown...
2025-07-03 17:25:05,390 - agui_backend - INFO - Received signal 2, initiating graceful shutdown...
2025-07-03 17:25:05,499 - agui_backend - INFO - Received signal 2, initiating graceful shutdown...
2025-07-03 17:25:05,714 - agui_backend - INFO - Received signal 2, initiating graceful shutdown...
2025-07-03 17:25:05,929 - agui_backend - INFO - Received signal 2, initiating graceful shutdown...
2025-07-03 17:25:06,038 - agui_backend - INFO - Received signal 2, initiating graceful shutdown...
2025-07-03 17:25:06,254 - agui_backend - INFO - Received signal 2, initiating graceful shutdown...
2025-07-03 17:25:06,471 - agui_backend - INFO - Received signal 2, initiating graceful shutdown...
2025-07-03 17:25:15,963 - agui_backend - INFO - Received signal 2, initiating graceful shutdown...
2025-07-03 17:32:47,228 - __main__ - INFO - [OK] AGUI app imported successfully
2025-07-03 17:32:47,229 - __main__ - INFO - Starting AGUI Backend with Enhanced Error Handling...
2025-07-03 17:32:49,267 - __mp_main__ - INFO - [OK] AGUI app imported successfully
2025-07-03 17:32:49,298 - agui_backend - INFO - [OK] AGUI app imported successfully
2025-07-03 17:34:43,999 - __main__ - ERROR - Error in App Import: No module named 'ag_ui'
2025-07-03 17:34:44,001 - __main__ - ERROR - Traceback: Traceback (most recent call last):
  File "C:\Users\Nick\Desktop\Machine_Spirit_Algorithm\agno\agui_backend.py", line 91, in <module>
    from agui_persistent_backend import app as agui_app
  File "C:\Users\Nick\Desktop\Machine_Spirit_Algorithm\agno\agui_persistent_backend.py", line 21, in <module>
    from agno.app.agui import AGUIApp
  File "C:\Users\Nick\AppData\Local\Programs\Python\Python313\Lib\site-packages\agno\app\agui\__init__.py", line 1, in <module>
    from agno.app.agui.app import AGUIApp
  File "C:\Users\Nick\AppData\Local\Programs\Python\Python313\Lib\site-packages\agno\app\agui\app.py", line 5, in <module>
    from agno.app.agui.async_router import get_async_agui_router
  File "C:\Users\Nick\AppData\Local\Programs\Python\Python313\Lib\site-packages\agno\app\agui\async_router.py", line 7, in <module>
    from ag_ui.core import (
    ...<5 lines>...
    )
ModuleNotFoundError: No module named 'ag_ui'

2025-07-03 17:34:44,002 - __main__ - ERROR - Failed to import AGUI app. Please check your configuration.
2025-07-03 17:35:33,463 - agui_backend - INFO - Received signal 2, initiating graceful shutdown...
2025-07-03 17:36:47,473 - agui_backend - INFO - Received signal 2, initiating graceful shutdown...
2025-07-03 17:39:20,028 - __main__ - INFO - [OK] AGUI app imported successfully
2025-07-03 17:39:20,028 - __main__ - INFO - Starting AGUI Backend with Enhanced Error Handling...
2025-07-03 17:39:22,224 - __mp_main__ - INFO - [OK] AGUI app imported successfully
2025-07-03 17:39:22,250 - agui_backend - INFO - [OK] AGUI app imported successfully
2025-07-05 15:20:24,898 - __main__ - INFO - [OK] AGUI app imported successfully
2025-07-05 15:20:24,899 - __main__ - INFO - Starting AGUI Backend with Enhanced Error Handling...
2025-07-05 15:20:27,247 - __mp_main__ - INFO - [OK] AGUI app imported successfully
2025-07-05 15:20:27,334 - agui_backend - INFO - [OK] AGUI app imported successfully
2025-07-05 15:32:34,574 - agui_backend - INFO - Received signal 2, initiating graceful shutdown...
2025-07-05 15:32:35,868 - agui_backend - INFO - Received signal 2, initiating graceful shutdown...
2025-07-05 15:32:36,295 - agui_backend - INFO - Received signal 2, initiating graceful shutdown...
2025-07-05 15:32:36,509 - agui_backend - INFO - Received signal 2, initiating graceful shutdown...
2025-07-05 15:32:36,617 - agui_backend - INFO - Received signal 2, initiating graceful shutdown...
2025-07-05 15:32:36,830 - agui_backend - INFO - Received signal 2, initiating graceful shutdown...
2025-07-05 15:32:37,044 - agui_backend - INFO - Received signal 2, initiating graceful shutdown...
2025-07-05 15:32:37,259 - agui_backend - INFO - Received signal 2, initiating graceful shutdown...
2025-07-05 15:40:47,101 - __main__ - INFO - [OK] AGUI app imported successfully
2025-07-05 15:40:47,102 - __main__ - INFO - Starting AGUI Backend with Enhanced Error Handling...
2025-07-05 15:40:49,581 - __mp_main__ - INFO - [OK] AGUI app imported successfully
2025-07-05 15:40:49,673 - agui_backend - INFO - [OK] AGUI app imported successfully
2025-07-05 16:09:04,143 - agui_backend - INFO - Received signal 2, initiating graceful shutdown...
2025-07-05 16:14:12,760 - __main__ - INFO - [OK] AGUI app imported successfully
2025-07-05 16:14:12,760 - __main__ - INFO - Starting AGUI Backend with Enhanced Error Handling...
2025-07-05 16:14:15,336 - __mp_main__ - INFO - [OK] AGUI app imported successfully
2025-07-05 16:14:15,430 - agui_backend - INFO - [OK] AGUI app imported successfully
